<?xml version="1.0" encoding="UTF-8"?>
<beans xmlns="http://www.springframework.org/schema/beans" 
  xmlns:xsi="http://www.w3.org/2001/XMLSchema-instance"
  xmlns:context="http://www.springframework.org/schema/context" 
  xmlns:task="http://www.springframework.org/schema/task"
  xsi:schemaLocation="
    http://www.springframework.org/schema/beans http://www.springframework.org/schema/beans/spring-beans.xsd
    http://www.springframework.org/schema/context http://www.springframework.org/schema/context/spring-context.xsd
    http://www.springframework.org/schema/task http://www.springframework.org/schema/task/spring-task.xsd
  ">

  <context:component-scan base-package="cn.ponfee.hbase" />
  <import resource="classpath:spring-data-hbase.xml" />

  <bean id="sysconfig" 
    class="org.springframework.beans.factory.config.PropertyPlaceholderConfigurer">
    <property name="locations">
      <list>
        <value>classpath:hbase.properties</value>
      </list>
    </property>
  </bean>

  <bean class="cn.ponfee.commons.spring.SpringContextHolder" />

  <!-- 
    reference: http://www.springframework.org/schema/task/spring-task.xsd

    The size of the executor's thread pool as either a single value or a range (e.g. 5-10). 
    If no bounded queue-capacity value is provided, then a max value has no effect unless 
    the range is specified as 0-n. In that case, the core pool will have a size of n, but 
    the 'allowCoreThreadTimeout' flag will be set to true. If a queue-capacity is provided, 
    then the lower bound of a range will map to the core size and the upper bound will map 
    to the max size. If this attribute is not provided, the default core size will be 1, 
    and the default max size will be Integer.MAX_VALUE (i.e. unbounded).
   -->
  <task:executor id="taskExecutor" pool-size="1-64"
                 queue-capacity="0" keep-alive="60" 
                 rejection-policy="CALLER_RUNS" />
  <!-- <task:scheduler id="taskScheduler" pool-size="5" />
  <task:annotation-driven executor="taskExecutor" scheduler="taskScheduler" /> -->

</beans>
